c:\users\maila\documents\github\glwrap\glwrap\project\release\vc142.pdb
c:\users\maila\documents\github\glwrap\glwrap\project\release\model.obj
c:\users\maila\documents\github\glwrap\glwrap\project\release\mesh.obj
c:\users\maila\documents\github\glwrap\glwrap\project\release\material.obj
c:\users\maila\documents\github\glwrap\glwrap\project\release\main.obj
c:\users\maila\documents\github\glwrap\glwrap\project\release\keyframeanimation.obj
c:\users\maila\documents\github\glwrap\glwrap\project\release\keyboard.obj
c:\users\maila\documents\github\glwrap\glwrap\project\release\inputmanager.obj
c:\users\maila\documents\github\glwrap\glwrap\project\release\graphics.obj
c:\users\maila\documents\github\glwrap\glwrap\project\release\gltfdata.obj
c:\users\maila\documents\github\glwrap\glwrap\project\release\geometryrenderer.obj
c:\users\maila\documents\github\glwrap\glwrap\project\release\gamepad.obj
c:\users\maila\documents\github\glwrap\glwrap\project\release\gameapplication.obj
c:\users\maila\documents\github\glwrap\glwrap\project\release\framebuffer.obj
c:\users\maila\documents\github\glwrap\glwrap\project\release\font.obj
c:\users\maila\documents\github\glwrap\glwrap\project\release\collision.obj
c:\users\maila\documents\github\glwrap\glwrap\project\release\clock.obj
c:\users\maila\documents\github\glwrap\glwrap\project\release\circle.obj
c:\users\maila\documents\github\glwrap\glwrap\project\release\camera.obj
c:\users\maila\documents\github\glwrap\glwrap\project\release\application.obj
c:\users\maila\documents\github\glwrap\glwrap\project\release\abstructcontainer.obj
c:\users\maila\documents\github\glwrap\glwrap\project\release\window.obj
c:\users\maila\documents\github\glwrap\glwrap\project\release\vertexarray.obj
c:\users\maila\documents\github\glwrap\glwrap\project\release\texture.obj
c:\users\maila\documents\github\glwrap\glwrap\project\release\spriteanimation.obj
c:\users\maila\documents\github\glwrap\glwrap\project\release\skinanimation.obj
c:\users\maila\documents\github\glwrap\glwrap\project\release\shader.obj
c:\users\maila\documents\github\glwrap\glwrap\project\release\resourcemanager.obj
c:\users\maila\documents\github\glwrap\glwrap\project\release\rectangle.obj
c:\users\maila\documents\github\glwrap\glwrap\project\release\mouse.obj
c:\users\maila\documents\github\glwrap\glwrap\project\release\modelnode.obj
c:\users\maila\documents\github\glwrap\glwrap\project\release\project.tlog\cl.command.1.tlog
c:\users\maila\documents\github\glwrap\glwrap\project\release\project.tlog\cl.read.1.tlog
c:\users\maila\documents\github\glwrap\glwrap\project\release\project.tlog\cl.write.1.tlog
c:\users\maila\documents\github\glwrap\glwrap\project\release\project.tlog\link.command.1.tlog
c:\users\maila\documents\github\glwrap\glwrap\project\release\project.tlog\link.read.1.tlog
c:\users\maila\documents\github\glwrap\glwrap\project\release\project.tlog\link.write.1.tlog
