c:\users\maila\documents\github\glwrap\glwrap\project\debug\vc142.pdb
c:\users\maila\documents\github\glwrap\glwrap\project\debug\vc142.idb
c:\users\maila\documents\github\glwrap\glwrap\project\debug\model.obj
c:\users\maila\documents\github\glwrap\glwrap\project\debug\mesh.obj
c:\users\maila\documents\github\glwrap\glwrap\project\debug\material.obj
c:\users\maila\documents\github\glwrap\glwrap\project\debug\main.obj
c:\users\maila\documents\github\glwrap\glwrap\project\debug\keyframeanimation.obj
c:\users\maila\documents\github\glwrap\glwrap\project\debug\keyboard.obj
c:\users\maila\documents\github\glwrap\glwrap\project\debug\inputmanager.obj
c:\users\maila\documents\github\glwrap\glwrap\project\debug\graphics.obj
c:\users\maila\documents\github\glwrap\glwrap\project\debug\gltfdata.obj
c:\users\maila\documents\github\glwrap\glwrap\project\debug\geometryrenderer.obj
c:\users\maila\documents\github\glwrap\glwrap\project\debug\gamepad.obj
c:\users\maila\documents\github\glwrap\glwrap\project\debug\gameapplication.obj
c:\users\maila\documents\github\glwrap\glwrap\project\debug\framebuffer.obj
c:\users\maila\documents\github\glwrap\glwrap\project\debug\font.obj
c:\users\maila\documents\github\glwrap\glwrap\project\debug\collision.obj
c:\users\maila\documents\github\glwrap\glwrap\project\debug\clock.obj
c:\users\maila\documents\github\glwrap\glwrap\project\debug\circle.obj
c:\users\maila\documents\github\glwrap\glwrap\project\debug\camera.obj
c:\users\maila\documents\github\glwrap\glwrap\project\debug\application.obj
c:\users\maila\documents\github\glwrap\glwrap\project\debug\abstructcontainer.obj
c:\users\maila\documents\github\glwrap\glwrap\project\debug\window.obj
c:\users\maila\documents\github\glwrap\glwrap\project\debug\vertexarray.obj
c:\users\maila\documents\github\glwrap\glwrap\project\debug\texture.obj
c:\users\maila\documents\github\glwrap\glwrap\project\debug\spriteanimation.obj
c:\users\maila\documents\github\glwrap\glwrap\project\debug\skinanimation.obj
c:\users\maila\documents\github\glwrap\glwrap\project\debug\shader.obj
c:\users\maila\documents\github\glwrap\glwrap\project\debug\resourcemanager.obj
c:\users\maila\documents\github\glwrap\glwrap\project\debug\rectangle.obj
c:\users\maila\documents\github\glwrap\glwrap\project\debug\mouse.obj
c:\users\maila\documents\github\glwrap\glwrap\project\debug\modelnode.obj
c:\users\maila\documents\github\glwrap\glwrap\debug\project.pdb
c:\users\maila\documents\github\glwrap\glwrap\project\debug\project.tlog\cl.command.1.tlog
c:\users\maila\documents\github\glwrap\glwrap\project\debug\project.tlog\cl.read.1.tlog
c:\users\maila\documents\github\glwrap\glwrap\project\debug\project.tlog\cl.write.1.tlog
c:\users\maila\documents\github\glwrap\glwrap\project\debug\project.tlog\link.4840.read.1.tlog
c:\users\maila\documents\github\glwrap\glwrap\project\debug\project.tlog\link.4840.write.1.tlog
c:\users\maila\documents\github\glwrap\glwrap\project\debug\project.tlog\link.command.1.tlog
c:\users\maila\documents\github\glwrap\glwrap\project\debug\project.tlog\link.read.1.tlog
c:\users\maila\documents\github\glwrap\glwrap\project\debug\project.tlog\link.write.1.tlog
